\BOOKMARK [1][-]{section.1}{Dziedzina zastosowan agenta}{}% 1
\BOOKMARK [2][-]{subsection.1.1}{Motywacja}{section.1}% 2
\BOOKMARK [2][-]{subsection.1.2}{Obserwatorium zywej kultury}{section.1}% 3
\BOOKMARK [2][-]{subsection.1.3}{Przyjete metody pozyskiwania danych do OZK}{section.1}% 4
\BOOKMARK [2][-]{subsection.1.4}{Zbierane dane}{section.1}% 5
\BOOKMARK [2][-]{subsection.1.5}{Ocena przyjetego w OZK sposobu pozyskiwania danych}{section.1}% 6
\BOOKMARK [1][-]{section.2}{Zr\363d\233a pozyskiwania danych}{}% 7
\BOOKMARK [2][-]{subsection.2.1}{KRS}{section.2}% 8
\BOOKMARK [2][-]{subsection.2.2}{BiP}{section.2}% 9
\BOOKMARK [2][-]{subsection.2.3}{Google}{section.2}% 10
\BOOKMARK [2][-]{subsection.2.4}{Serwis zumi.pl}{section.2}% 11
\BOOKMARK [1][-]{section.3}{Realizacja projektu}{}% 12
\BOOKMARK [2][-]{subsection.3.1}{Implementacja}{section.3}% 13
\BOOKMARK [2][-]{subsection.3.2}{Podzia\233 na podproblemy}{section.3}% 14
\BOOKMARK [2][-]{subsection.3.3}{Uzyskanie numeru TERYT}{section.3}% 15
\BOOKMARK [2][-]{subsection.3.4}{Uzyskanie listy obiekt\363w}{section.3}% 16
\BOOKMARK [2][-]{subsection.3.5}{Skompletowanie danych obiektu}{section.3}% 17
\BOOKMARK [2][-]{subsection.3.6}{Przypisanie obiektu do kategorii}{section.3}% 18
\BOOKMARK [2][-]{subsection.3.7}{Zapis danych do bazy}{section.3}% 19
\BOOKMARK [1][-]{section.4}{Klasyfikacja obiekt\363w}{}% 20
\BOOKMARK [2][-]{subsection.4.1}{Tabela Slowniki}{section.4}% 21
\BOOKMARK [2][-]{subsection.4.2}{Przetwarzanie listy kategorii}{section.4}% 22
\BOOKMARK [1][-]{section.5}{Bibliografia}{}% 23
